<?xml version="1.0" encoding="UTF-8"?>
<!-- Generated by org.testng.reporters.JUnitReportReporter -->
<testsuite hostname="LTIN510675" failures="0" tests="1" name="TestCases.TC_1_Clockdisplay" time="0.118" errors="0" timestamp="2024-03-13T20:39:15 IST" skipped="0">
  <testcase classname="TestCases.TC_1_Clockdisplay" name="test1" time="0.118"/>
</testsuite> <!-- TestCases.TC_1_Clockdisplay -->
