<?xml version="1.0" encoding="UTF-8"?>
<!-- Generated by org.testng.reporters.JUnitReportReporter -->
<testsuite hostname="LTIN510675" failures="0" tests="1" name="TestCases.TC_02_DateTime" time="3.300" errors="0" timestamp="2024-03-14T19:49:14 IST" skipped="0">
  <testcase classname="TestCases.TC_02_DateTime" name="test2" time="3.300"/>
</testsuite> <!-- TestCases.TC_02_DateTime -->
