<?xml version="1.0" encoding="UTF-8"?>
<!-- Generated by org.testng.reporters.JUnitReportReporter -->
<testsuite hostname="LTIN510675" failures="0" tests="1" name="TestCases.TC_04_NyandLondon" time="8.142" errors="0" timestamp="2024-03-13T18:14:34 IST" skipped="0">
  <testcase classname="TestCases.TC_04_NyandLondon" name="test4" time="8.142"/>
</testsuite> <!-- TestCases.TC_04_NyandLondon -->
