<?xml version="1.0" encoding="UTF-8"?>
<!-- Generated by org.testng.reporters.JUnitReportReporter -->
<testsuite hostname="LTIN510675" failures="0" tests="1" name="TestCases.TC_03_BangaloreTime" time="0.186" errors="0" timestamp="2024-03-14T19:49:14 IST" skipped="0">
  <testcase classname="TestCases.TC_03_BangaloreTime" name="test3" time="0.186"/>
</testsuite> <!-- TestCases.TC_03_BangaloreTime -->
