<?xml version="1.0" encoding="UTF-8"?>
<!-- Generated by org.testng.reporters.JUnitReportReporter -->
<testsuite hostname="LTIN258487" failures="0" tests="1" name="TestCases.TC_03_DateTime" time="0.070" errors="0" timestamp="2024-03-15T17:07:15 IST" skipped="0">
  <testcase classname="TestCases.TC_03_DateTime" name="test2" time="0.070"/>
</testsuite> <!-- TestCases.TC_03_DateTime -->
