<?xml version="1.0" encoding="UTF-8"?>
<!-- Generated by org.testng.reporters.JUnitReportReporter -->
<testsuite hostname="LTIN258487" failures="0" tests="1" name="TestCases.TC_01_UserValidation" time="13.266" errors="0" timestamp="2024-03-15T17:07:15 IST" skipped="0">
  <testcase classname="TestCases.TC_01_UserValidation" name="userValidity" time="13.266"/>
</testsuite> <!-- TestCases.TC_01_UserValidation -->
