<?xml version="1.0" encoding="UTF-8"?>
<!-- Generated by org.testng.reporters.JUnitReportReporter -->
<testsuite hostname="LTIN510675" failures="0" tests="1" name="TestCases.TC_2_Clockdisplay" time="10.209" errors="0" timestamp="2024-03-14T19:49:14 IST" skipped="0">
  <testcase classname="TestCases.TC_2_Clockdisplay" name="test1" time="10.209"/>
</testsuite> <!-- TestCases.TC_2_Clockdisplay -->
